{"C:\\Users\\AJAY\\Documents\\Github\\cit262-ajayasinghe-test\\NodeJSExample\\src\\forEach.js": {"path":"C:\\Users\\AJAY\\Documents\\Github\\cit262-ajayasinghe-test\\NodeJSExample\\src\\forEach.js","statementMap":{"0":{"start":{"line":7,"column":0},"end":{"line":11,"column":2}},"1":{"start":{"line":8,"column":2},"end":{"line":10,"column":3}},"2":{"start":{"line":8,"column":15},"end":{"line":8,"column":16}},"3":{"start":{"line":9,"column":4},"end":{"line":9,"column":33}}},"fnMap":{"0":{"name":"forEach","decl":{"start":{"line":7,"column":26},"end":{"line":7,"column":33}},"loc":{"start":{"line":7,"column":51},"end":{"line":11,"column":1}},"line":7}},"branchMap":{},"s":{"0":1,"1":1,"2":1,"3":2},"f":{"0":1},"b":{},"_coverageSchema":"1a1c01bbd47fc00a2c39e90264f33305004495a9","hash":"435e9f573b5f3947fbe33c7c3c6fe6f3d9462a5c"}
,"C:\\Users\\AJAY\\Documents\\Github\\cit262-ajayasinghe-test\\NodeJSExample\\src\\helloworld.js": {"path":"C:\\Users\\AJAY\\Documents\\Github\\cit262-ajayasinghe-test\\NodeJSExample\\src\\helloworld.js","statementMap":{"0":{"start":{"line":1,"column":0},"end":{"line":4,"column":4}},"1":{"start":{"line":2,"column":22},"end":{"line":2,"column":41}},"2":{"start":{"line":3,"column":4},"end":{"line":3,"column":38}}},"fnMap":{"0":{"name":"helloworld","decl":{"start":{"line":1,"column":26},"end":{"line":1,"column":36}},"loc":{"start":{"line":1,"column":39},"end":{"line":4,"column":3}},"line":1}},"branchMap":{},"s":{"0":1,"1":1,"2":1},"f":{"0":1},"b":{},"_coverageSchema":"1a1c01bbd47fc00a2c39e90264f33305004495a9","hash":"ee03490a319b4ae2373146532317cf17f8bcc5ef"}
}
